<?xml version="1.0" encoding="UTF-8"?>
<!-- Generated by org.testng.reporters.JUnitReportReporter -->
<testsuite hostname="VuongTruong" failures="0" tests="1" name="com.simplilearn.mavenproject.Testcase" time="12.545" errors="0" timestamp="2022-12-19T14:54:08 ICT" skipped="0">
  <testcase classname="com.simplilearn.mavenproject.Testcase" name="login" time="12.545"/>
  <system-out/>
</testsuite> <!-- com.simplilearn.mavenproject.Testcase -->
